<?xml version="1.0" encoding="UTF-8"?>
<testng-results skipped="0" failed="0" ignored="0" total="2" passed="2">
  <reporter-output>
  </reporter-output>
  <suite name="Default suite" duration-ms="8735" started-at="2020-07-09T09:37:31 EDT" finished-at="2020-07-09T09:37:40 EDT">
    <groups>
    </groups>
    <test name="Default test" duration-ms="8735" started-at="2020-07-09T09:37:31 EDT" finished-at="2020-07-09T09:37:40 EDT">
      <class name="com.crm.qa.testcases.HomePageTest">
        <test-method status="PASS" signature="setUp()[pri:0, instance:com.crm.qa.testcases.HomePageTest@3b088d51]" name="setUp" is-config="true" duration-ms="3863" started-at="2020-07-09T09:37:31 EDT" finished-at="2020-07-09T09:37:35 EDT">
          <reporter-output>
          </reporter-output>
        </test-method> <!-- setUp -->
        <test-method status="PASS" signature="verifyHomePageTitle()[pri:1, instance:com.crm.qa.testcases.HomePageTest@3b088d51]" name="verifyHomePageTitle" duration-ms="11" started-at="2020-07-09T09:37:35 EDT" finished-at="2020-07-09T09:37:35 EDT">
          <reporter-output>
          </reporter-output>
        </test-method> <!-- verifyHomePageTitle -->
        <test-method status="PASS" signature="tearDown()[pri:0, instance:com.crm.qa.testcases.HomePageTest@3b088d51]" name="tearDown" is-config="true" duration-ms="99" started-at="2020-07-09T09:37:35 EDT" finished-at="2020-07-09T09:37:35 EDT">
          <reporter-output>
          </reporter-output>
        </test-method> <!-- tearDown -->
        <test-method status="PASS" signature="setUp()[pri:0, instance:com.crm.qa.testcases.HomePageTest@3b088d51]" name="setUp" is-config="true" duration-ms="3642" started-at="2020-07-09T09:37:35 EDT" finished-at="2020-07-09T09:37:39 EDT">
          <reporter-output>
          </reporter-output>
        </test-method> <!-- setUp -->
        <test-method status="PASS" signature="verifyContactsLink()[pri:2, instance:com.crm.qa.testcases.HomePageTest@3b088d51]" name="verifyContactsLink" duration-ms="966" started-at="2020-07-09T09:37:39 EDT" finished-at="2020-07-09T09:37:39 EDT">
          <reporter-output>
          </reporter-output>
        </test-method> <!-- verifyContactsLink -->
        <test-method status="PASS" signature="tearDown()[pri:0, instance:com.crm.qa.testcases.HomePageTest@3b088d51]" name="tearDown" is-config="true" duration-ms="108" started-at="2020-07-09T09:37:39 EDT" finished-at="2020-07-09T09:37:40 EDT">
          <reporter-output>
          </reporter-output>
        </test-method> <!-- tearDown -->
      </class> <!-- com.crm.qa.testcases.HomePageTest -->
    </test> <!-- Default test -->
  </suite> <!-- Default suite -->
</testng-results>
